software/app/sota/build/app/outputs/mapping/release/seeds.txt
com.ottobiss.sota.MainActivity
com.ottobiss.sota.MainActivity: MainActivity()
...
io.grpc.okhttp.internal.Protocol: io.grpc.okhttp.internal.Protocol[] values()
io.flutter.embedding.engine.FlutterJNI: io.flutter.embedding.engine.FlutterJNI spawn(java.lang.String,java.lang.String,java.lang.String,java.util.List)
me.carda.awesome_notifications.core.managers.LifeCycleManager: void startListeners()
kotlin.coroutines.intrinsics.CoroutineSingletons: kotlin.coroutines.intrinsics.CoroutineSingletons[] values()
io.flutter.embedding.engine.systemchannels.PlatformChannel$SystemUiOverlay: io.flutter.embedding.engine.systemchannels.PlatformChannel$SystemUiOverlay[] values()
androidx.core.app.NotificationCompatBuilder$Api20Impl: android.app.Notification$Builder addAction(android.app.Notification$Builder,android.app.Notification$Action)
me.carda.awesome_notifications.core.broadcasters.receivers.AwesomeEventsReceiver: void onBroadcastBackgroundActionNotification(android.content.Context,me.carda.awesome_notifications.core.models.returnedData.ActionReceived)
me.carda.awesome_notifications.DartBackgroundExecutor: void finishDartBackgroundExecution()
me.carda.awesome_notifications.core.exceptions.ExceptionFactory: void registerNewAwesomeException(java.lang.String,java.lang.String,java.lang.String,java.lang.String,java.lang.Exception)
me.carda.awesome_notifications.core.services.BackgroundService: void initializeExternalPlugins(android.content.Context)
io.grpc.stub.ClientCalls$StubType: io.grpc.stub.ClientCalls$StubType valueOf(java.lang.String)
me.carda.awesome_notifications.core.threads.NotificationThread: java.lang.Object doInBackground()
com.google.gson.internal.bind.DateTypeAdapter$1: DateTypeAdapter$1()
io.grpc.internal.ClientStreamListener$RpcProgress: io.grpc.internal.ClientStreamListener$RpcProgress valueOf(java.lang.String)
android.support.v4.media.RatingCompat$Api19Impl: boolean hasHeart(android.media.Rating)
io.flutter.plugins.firebase.firestore.FlutterFirebaseFirestoreRegistrar: java.util.List getComponents()
com.google.gson.internal.bind.TypeAdapters$29: TypeAdapters$29()
com.google.android.material.textfield.TextInputLayout: android.content.res.ColorStateList getDefaultHintTextColor()
androidx.appcompat.widget.ActionMenuView: void setPopupTheme(int)
androidx.media.app.NotificationCompat$Api34Impl: android.app.Notification$MediaStyle setRemotePlaybackInfo(android.app.Notification$MediaStyle,java.lang.CharSequence,int,android.app.PendingIntent,java.lang.Boolean)
com.google.android.material.textfield.TextInputLayout: void setErrorIconTintList(android.content.res.ColorStateList)
me.carda.awesome_notifications.core.managers.StatusBarManager: void updateActiveMapIntoPreferences(android.content.SharedPreferences$Editor,java.lang.String,java.util.Map)
me.carda.awesome_notifications.core.models.NotificationCrontabModel: java.lang.String toJson()
androidx.window.area.reflectionguard.ExtensionWindowAreaStatusRequirements: int getWindowAreaStatus()
com.google.android.material.timepicker.ClockHandView: ClockHandView(android.content.Context,android.util.AttributeSet)
androidx.appcompat.widget.AppCompatEditText: android.content.res.ColorStateList getSupportCompoundDrawablesTintList()
com.google.firestore.admin.v1.Index$IndexField$ArrayConfig: com.google.firestore.admin.v1.Index$IndexField$ArrayConfig valueOf(java.lang.String)
com.google.android.material.textfield.TextInputLayout: void setEndIconContentDescription(java.lang.CharSequence)
com.google.android.material.textfield.TextInputLayout: void setStartIconVisible(boolean)
me.carda.awesome_notifications.core.managers.BadgeManager: boolean isBadgeNumberingAllowed(android.content.Context)
me.carda.awesome_notifications.core.models.returnedData.ActionReceived: void registerUserActionEvent(me.carda.awesome_notifications.core.enumerators.NotificationLifeCycle)
me.carda.awesome_notifications.core.managers.ScheduleManager: boolean isPreciseAlarmGloballyAllowed(android.app.AlarmManager)